2023-03-30 14:48:56 Loading main app package /usr/lib/obsidian/obsidian.asar
2023-03-30 14:48:57 Checking for update using Github
2023-03-30 14:48:57 Success.
2023-03-30 14:48:57 Latest version is 1.1.16
2023-03-30 14:48:57 App is up to date.
2023-03-30 14:52:54 Loading main app package /usr/lib/obsidian/obsidian.asar
2023-03-30 14:52:54 Checking for update using Github
2023-03-30 14:52:54 Success.
2023-03-30 14:52:54 Latest version is 1.1.16
2023-03-30 14:52:54 App is up to date.
2023-03-30 15:52:54 Checking for update using Github
2023-03-30 15:52:55 Success.
2023-03-30 15:52:55 Latest version is 1.1.16
2023-03-30 15:52:55 App is up to date.
2023-03-30 16:08:25 Loading main app package /usr/lib/obsidian/obsidian.asar
2023-03-30 16:08:25 Checking for update using Github
2023-03-30 16:08:25 Success.
2023-03-30 16:08:25 Latest version is 1.1.16
2023-03-30 16:08:25 App is up to date.
2023-03-30 16:08:47 Loading main app package /usr/lib/obsidian/obsidian.asar
2023-03-30 16:08:47 Checking for update using Github
2023-03-30 16:08:47 Success.
2023-03-30 16:08:47 Latest version is 1.1.16
2023-03-30 16:08:47 App is up to date.
2023-03-30 17:08:47 Checking for update using Github
2023-03-30 17:08:47 Success.
2023-03-30 17:08:47 Latest version is 1.1.16
2023-03-30 17:08:47 App is up to date.
2023-04-07 13:45:30 Loading main app package /usr/lib/obsidian/obsidian.asar
2023-04-07 13:45:30 Checking for update using Github
2023-04-07 13:45:31 Success.
2023-04-07 13:45:31 Latest version is 1.1.16
2023-04-07 13:45:31 App is up to date.
2023-04-07 14:45:30 Checking for update using Github
2023-04-07 14:45:30 Success.
2023-04-07 14:45:30 Latest version is 1.1.16
2023-04-07 14:45:30 App is up to date.
2023-04-07 14:51:52 Loading main app package /usr/lib/obsidian/obsidian.asar
2023-04-07 14:51:52 Checking for update using Github
2023-04-07 14:51:52 Success.
2023-04-07 14:51:52 Latest version is 1.1.16
2023-04-07 14:51:52 App is up to date.
2023-04-07 15:20:06 Loading main app package /usr/lib/obsidian/obsidian.asar
2023-04-07 15:20:06 Checking for update using Github
2023-04-07 15:20:07 Success.
2023-04-07 15:20:07 Latest version is 1.1.16
2023-04-07 15:20:07 App is up to date.
2023-04-07 15:23:19 Loading main app package /usr/lib/obsidian/obsidian.asar
2023-04-07 15:23:19 Checking for update using Github
2023-04-07 15:23:19 Success.
2023-04-07 15:23:19 Latest version is 1.1.16
2023-04-07 15:23:19 App is up to date.
2023-04-07 15:26:18 Loading main app package /usr/lib/obsidian/obsidian.asar
2023-04-07 15:26:18 Checking for update using Github
2023-04-07 15:26:18 Success.
2023-04-07 15:26:18 Latest version is 1.1.16
2023-04-07 15:26:18 App is up to date.
2023-04-07 15:26:29 Loading main app package /usr/lib/obsidian/obsidian.asar
2023-04-07 15:26:29 Checking for update using Github
2023-04-07 15:26:29 Success.
2023-04-07 15:26:29 Latest version is 1.1.16
2023-04-07 15:26:29 App is up to date.
2023-04-07 15:56:15 Loading main app package /usr/lib/obsidian/obsidian.asar
2023-04-07 15:56:15 Checking for update using Github
2023-04-07 15:56:15 Success.
2023-04-07 15:56:15 Latest version is 1.1.16
2023-04-07 15:56:15 App is up to date.
2023-04-07 15:58:36 Loading main app package /usr/lib/obsidian/obsidian.asar
2023-04-07 15:58:36 Checking for update using Github
2023-04-07 15:58:36 Success.
2023-04-07 15:58:36 Latest version is 1.1.16
2023-04-07 15:58:36 App is up to date.
2023-04-07 16:09:27 Loading main app package /usr/lib/obsidian/obsidian.asar
2023-04-07 16:09:27 Checking for update using Github
2023-04-07 16:09:28 Success.
2023-04-07 16:09:28 Latest version is 1.1.16
2023-04-07 16:09:28 App is up to date.
2023-04-10 12:44:01 Loading main app package /usr/lib/obsidian/obsidian.asar
2023-04-10 12:44:01 Checking for update using Github
2023-04-10 12:44:02 Success.
2023-04-10 12:44:02 Latest version is 1.1.16
2023-04-10 12:44:02 App is up to date.
2023-04-10 13:44:01 Checking for update using Github
2023-04-10 13:44:01 Success.
2023-04-10 13:44:01 Latest version is 1.1.16
2023-04-10 13:44:01 App is up to date.
2023-04-10 13:52:30 Loading main app package /usr/lib/obsidian/obsidian.asar
2023-04-10 13:52:30 Checking for update using Github
2023-04-10 13:52:30 Success.
2023-04-10 13:52:30 Latest version is 1.1.16
2023-04-10 13:52:30 App is up to date.
2023-04-10 13:52:53 Loading main app package /usr/lib/obsidian/obsidian.asar
2023-04-10 13:52:53 Checking for update using Github
2023-04-10 13:52:53 Success.
2023-04-10 13:52:53 Latest version is 1.1.16
2023-04-10 13:52:53 App is up to date.
2023-04-10 13:53:48 Loading main app package /usr/lib/obsidian/obsidian.asar
2023-04-10 13:53:49 Checking for update using Github
2023-04-10 13:53:49 Success.
2023-04-10 13:53:49 Latest version is 1.1.16
2023-04-10 13:53:49 App is up to date.
2023-04-10 13:56:59 Loading main app package /usr/lib/obsidian/obsidian.asar
2023-04-10 13:56:59 Checking for update using Github
2023-04-10 13:56:59 Success.
2023-04-10 13:56:59 Latest version is 1.1.16
2023-04-10 13:56:59 App is up to date.
2023-04-10 14:16:21 Loading main app package /usr/lib/obsidian/obsidian.asar
2023-04-10 14:16:21 Checking for update using Github
2023-04-10 14:20:09 Loading main app package /usr/lib/obsidian/obsidian.asar
2023-04-10 14:20:09 Checking for update using Github
2023-04-10 14:20:09 Success.
2023-04-10 14:20:09 Latest version is 1.1.16
2023-04-10 14:20:09 App is up to date.
2023-04-10 14:27:09 Loading main app package /usr/lib/obsidian/obsidian.asar
2023-04-10 14:27:10 Checking for update using Github
2023-04-10 14:27:10 Success.
2023-04-10 14:27:10 Latest version is 1.1.16
2023-04-10 14:27:10 App is up to date.
2023-04-10 14:31:01 Loading main app package /usr/lib/obsidian/obsidian.asar
2023-04-10 14:31:02 Checking for update using Github
2023-04-10 14:31:02 Success.
2023-04-10 14:31:02 Latest version is 1.1.16
2023-04-10 14:31:02 App is up to date.
2023-04-10 14:31:23 Loading main app package /usr/lib/obsidian/obsidian.asar
2023-04-10 14:31:23 Checking for update using Github
2023-04-10 14:31:23 Success.
2023-04-10 14:31:23 Latest version is 1.1.16
2023-04-10 14:31:23 App is up to date.
2023-04-10 14:32:35 Loading main app package /usr/lib/obsidian/obsidian.asar
2023-04-10 14:32:35 Checking for update using Github
2023-04-10 14:32:41 Loading main app package /usr/lib/obsidian/obsidian.asar
2023-04-10 14:32:41 Checking for update using Github
2023-04-10 14:32:41 Success.
2023-04-10 14:32:41 Latest version is 1.1.16
2023-04-10 14:32:41 App is up to date.
2023-04-10 14:32:53 Loading main app package /usr/lib/obsidian/obsidian.asar
2023-04-10 14:32:53 Checking for update using Github
2023-04-10 14:32:53 Success.
2023-04-10 14:32:53 Latest version is 1.1.16
2023-04-10 14:32:53 App is up to date.
2023-04-10 14:34:25 Loading main app package /usr/lib/obsidian/obsidian.asar
2023-04-10 14:34:25 Checking for update using Github
2023-04-10 14:35:43 Loading main app package /usr/lib/obsidian/obsidian.asar
2023-04-10 14:35:44 Checking for update using Github
2023-04-10 14:35:44 Success.
2023-04-10 14:35:44 Latest version is 1.1.16
2023-04-10 14:35:44 App is up to date.
2023-04-10 14:36:05 Loading main app package /usr/lib/obsidian/obsidian.asar
2023-04-10 14:36:05 Checking for update using Github
2023-04-10 14:36:05 Success.
2023-04-10 14:36:05 Latest version is 1.1.16
2023-04-10 14:36:05 App is up to date.
2023-04-10 14:51:58 Loading main app package /usr/lib/obsidian/obsidian.asar
2023-04-10 14:51:58 Checking for update using Github
2023-04-10 15:10:06 Loading main app package /usr/lib/obsidian/obsidian.asar
2023-04-10 15:10:06 Checking for update using Github
2023-04-10 15:10:07 Success.
2023-04-10 15:10:07 Latest version is 1.1.16
2023-04-10 15:10:07 App is up to date.
2023-04-10 15:11:34 Loading main app package /usr/lib/obsidian/obsidian.asar
2023-04-10 15:11:35 Checking for update using Github
2023-04-10 15:11:35 Success.
2023-04-10 15:11:35 Latest version is 1.1.16
2023-04-10 15:11:35 App is up to date.
2023-04-10 15:12:05 Loading main app package /usr/lib/obsidian/obsidian.asar
2023-04-10 15:12:05 Checking for update using Github
2023-04-10 15:24:44 Loading main app package /usr/lib/obsidian/obsidian.asar
2023-04-10 15:24:45 Checking for update using Github
2023-04-10 15:24:45 Success.
2023-04-10 15:24:45 Latest version is 1.1.16
2023-04-10 15:24:45 App is up to date.
2023-04-10 15:25:34 Loading main app package /usr/lib/obsidian/obsidian.asar
2023-04-10 15:25:34 Checking for update using Github
2023-04-10 15:26:37 Loading main app package /usr/lib/obsidian/obsidian.asar
2023-04-10 15:26:37 Checking for update using Github
2023-04-10 15:26:37 Success.
2023-04-10 15:26:37 Latest version is 1.1.16
2023-04-10 15:26:37 App is up to date.
2023-04-10 15:32:08 Loading main app package /usr/lib/obsidian/obsidian.asar
2023-04-10 15:32:08 Checking for update using Github
2023-04-10 15:32:19 Loading main app package /usr/lib/obsidian/obsidian.asar
2023-04-10 15:32:20 Checking for update using Github
2023-04-10 15:32:20 Success.
2023-04-10 15:32:20 Latest version is 1.1.16
2023-04-10 15:32:20 App is up to date.
2023-04-10 15:33:04 Loading main app package /usr/lib/obsidian/obsidian.asar
2023-04-10 15:33:04 Checking for update using Github
2023-04-10 15:33:04 Success.
2023-04-10 15:33:04 Latest version is 1.1.16
2023-04-10 15:33:04 App is up to date.
2023-04-10 15:33:50 Loading main app package /usr/lib/obsidian/obsidian.asar
2023-04-10 15:33:50 Checking for update using Github
2023-04-10 15:34:01 Loading main app package /usr/lib/obsidian/obsidian.asar
2023-04-10 15:34:01 Checking for update using Github
2023-04-10 15:34:01 Success.
2023-04-10 15:34:01 Latest version is 1.1.16
2023-04-10 15:34:01 App is up to date.
2023-04-10 15:34:42 Loading main app package /usr/lib/obsidian/obsidian.asar
2023-04-10 15:34:43 Checking for update using Github
2023-04-10 15:34:43 Success.
2023-04-10 15:34:43 Latest version is 1.1.16
2023-04-10 15:34:43 App is up to date.
2023-04-10 16:03:01 Loading main app package /usr/lib/obsidian/obsidian.asar
2023-04-10 16:03:01 Checking for update using Github
2023-04-10 16:03:19 Loading main app package /usr/lib/obsidian/obsidian.asar
2023-04-10 16:03:19 Checking for update using Github
2023-04-10 16:03:19 Success.
2023-04-10 16:03:19 Latest version is 1.1.16
2023-04-10 16:03:19 App is up to date.
2023-04-10 16:07:48 Loading main app package /usr/lib/obsidian/obsidian.asar
2023-04-10 16:07:48 Checking for update using Github
2023-04-10 16:08:16 Loading main app package /usr/lib/obsidian/obsidian.asar
2023-04-10 16:08:16 Checking for update using Github
2023-04-10 16:08:16 Success.
2023-04-10 16:08:16 Latest version is 1.1.16
2023-04-10 16:08:16 App is up to date.
2023-04-10 16:09:02 Loading main app package /usr/lib/obsidian/obsidian.asar
2023-04-10 16:09:02 Checking for update using Github
2023-04-10 16:09:47 Loading main app package /usr/lib/obsidian/obsidian.asar
2023-04-10 16:09:47 Checking for update using Github
2023-04-10 16:09:47 Success.
2023-04-10 16:09:47 Latest version is 1.1.16
2023-04-10 16:09:47 App is up to date.
2023-04-10 16:10:04 Loading main app package /usr/lib/obsidian/obsidian.asar
2023-04-10 16:10:04 Checking for update using Github
2023-04-10 16:10:56 Loading main app package /usr/lib/obsidian/obsidian.asar
2023-04-10 16:10:57 Checking for update using Github
2023-04-10 16:10:57 Success.
2023-04-10 16:10:57 Latest version is 1.1.16
2023-04-10 16:10:57 App is up to date.
2023-04-10 16:11:11 Loading main app package /usr/lib/obsidian/obsidian.asar
2023-04-10 16:11:11 Checking for update using Github
2023-04-10 16:11:50 Loading main app package /usr/lib/obsidian/obsidian.asar
2023-04-10 16:11:50 Checking for update using Github
2023-04-10 16:11:50 Success.
2023-04-10 16:11:50 Latest version is 1.1.16
2023-04-10 16:11:50 App is up to date.
2023-04-10 16:12:03 Loading main app package /usr/lib/obsidian/obsidian.asar
2023-04-10 16:12:03 Checking for update using Github
2023-04-10 16:12:20 Loading main app package /usr/lib/obsidian/obsidian.asar
2023-04-10 16:12:20 Checking for update using Github
2023-04-10 16:12:20 Success.
2023-04-10 16:12:20 Latest version is 1.1.16
2023-04-10 16:12:20 App is up to date.
2023-04-10 16:25:12 Loading main app package /usr/lib/obsidian/obsidian.asar
2023-04-10 16:25:12 Checking for update using Github
2023-04-10 17:12:20 Checking for update using Github
2023-04-10 17:12:20 Failed to check for update using Github (net::ERR_FAILED)
2023-04-10 17:12:20 Checking for update using obsidian.md
2023-04-10 17:12:20 Failed to check for update using obsidian.md (net::ERR_FAILED)
2023-04-10 18:12:20 Checking for update using Github
2023-04-10 18:12:20 Failed to check for update using Github (net::ERR_FAILED)
2023-04-10 18:12:20 Checking for update using obsidian.md
2023-04-10 18:12:20 Failed to check for update using obsidian.md (net::ERR_FAILED)
2023-04-10 19:12:20 Checking for update using Github
2023-04-10 19:12:20 Failed to check for update using Github (net::ERR_FAILED)
2023-04-10 19:12:20 Checking for update using obsidian.md
2023-04-10 19:12:20 Failed to check for update using obsidian.md (net::ERR_FAILED)
2023-04-10 19:26:36 Loading main app package /usr/lib/obsidian/obsidian.asar
2023-04-10 19:26:36 Checking for update using Github
2023-04-10 19:26:36 Success.
2023-04-10 19:26:36 Latest version is 1.1.16
2023-04-10 19:26:36 App is up to date.
2023-04-10 19:30:28 Loading main app package /usr/lib/obsidian/obsidian.asar
2023-04-10 19:30:28 Checking for update using Github
2023-04-10 19:30:28 Success.
2023-04-10 19:30:28 Latest version is 1.1.16
2023-04-10 19:30:28 App is up to date.
2023-04-10 19:49:17 Loading main app package /usr/lib/obsidian/obsidian.asar
2023-04-10 19:49:17 Checking for update using Github
2023-04-10 19:49:33 Loading main app package /usr/lib/obsidian/obsidian.asar
2023-04-10 19:49:33 Checking for update using Github
2023-04-10 19:49:33 Success.
2023-04-10 19:49:33 Latest version is 1.1.16
2023-04-10 19:49:33 App is up to date.
2023-04-10 19:50:10 Loading main app package /usr/lib/obsidian/obsidian.asar
2023-04-10 19:50:10 Checking for update using Github
2023-04-10 19:51:45 Loading main app package /usr/lib/obsidian/obsidian.asar
2023-04-10 19:51:46 Checking for update using Github
2023-04-10 19:51:46 Success.
2023-04-10 19:51:46 Latest version is 1.1.16
2023-04-10 19:51:46 App is up to date.
2023-04-10 19:55:34 Loading main app package /usr/lib/obsidian/obsidian.asar
2023-04-10 19:55:34 Checking for update using Github
2023-04-10 19:55:45 Loading main app package /usr/lib/obsidian/obsidian.asar
2023-04-10 19:55:45 Checking for update using Github
2023-04-10 19:55:46 Success.
2023-04-10 19:55:46 Latest version is 1.1.16
2023-04-10 19:55:46 App is up to date.
2023-04-10 20:03:04 Loading main app package /usr/lib/obsidian/obsidian.asar
2023-04-10 20:03:04 Checking for update using Github
2023-04-10 20:03:14 Failed to check for update using Github (net::ERR_NAME_NOT_RESOLVED)
2023-04-10 20:03:14 Checking for update using obsidian.md
2023-04-10 20:03:34 Failed to check for update using obsidian.md (net::ERR_NAME_NOT_RESOLVED)
2023-04-10 20:16:49 Loading main app package /usr/lib/obsidian/obsidian.asar
2023-04-10 20:16:49 Checking for update using Github
2023-04-10 20:18:34 Loading main app package /usr/lib/obsidian/obsidian.asar
2023-04-10 20:18:34 Checking for update using Github
2023-04-10 20:18:34 Success.
2023-04-10 20:18:34 Latest version is 1.1.16
2023-04-10 20:18:34 App is up to date.
2023-04-10 20:20:38 Loading main app package /usr/lib/obsidian/obsidian.asar
2023-04-10 20:20:38 Checking for update using Github
2023-04-10 20:21:32 Loading main app package /usr/lib/obsidian/obsidian.asar
2023-04-10 20:21:32 Checking for update using Github
2023-04-10 20:21:32 Success.
2023-04-10 20:21:32 Latest version is 1.1.16
2023-04-10 20:21:32 App is up to date.
2023-04-10 20:22:16 Loading main app package /usr/lib/obsidian/obsidian.asar
2023-04-10 20:22:16 Checking for update using Github
2023-04-10 20:22:55 Loading main app package /usr/lib/obsidian/obsidian.asar
2023-04-10 20:22:55 Checking for update using Github
2023-04-10 20:22:55 Success.
2023-04-10 20:22:55 Latest version is 1.1.16
2023-04-10 20:22:55 App is up to date.
2023-04-10 20:23:15 Loading main app package /usr/lib/obsidian/obsidian.asar
2023-04-10 20:23:15 Checking for update using Github
2023-04-10 20:24:44 Loading main app package /usr/lib/obsidian/obsidian.asar
2023-04-10 20:24:44 Checking for update using Github
2023-04-10 20:24:44 Success.
2023-04-10 20:24:44 Latest version is 1.1.16
2023-04-10 20:24:44 App is up to date.
2023-04-10 20:25:07 Loading main app package /usr/lib/obsidian/obsidian.asar
2023-04-10 20:25:07 Checking for update using Github
2023-04-10 20:26:27 Loading main app package /usr/lib/obsidian/obsidian.asar
2023-04-10 20:26:28 Checking for update using Github
2023-04-10 20:26:28 Success.
2023-04-10 20:26:28 Latest version is 1.1.16
2023-04-10 20:26:28 App is up to date.
2023-04-10 20:27:13 Loading main app package /usr/lib/obsidian/obsidian.asar
2023-04-10 20:27:13 Checking for update using Github
2023-04-10 20:27:31 Loading main app package /usr/lib/obsidian/obsidian.asar
2023-04-10 20:27:31 Checking for update using Github
2023-04-10 20:27:31 Success.
2023-04-10 20:27:31 Latest version is 1.1.16
2023-04-10 20:27:31 App is up to date.
2023-04-10 20:33:00 Loading main app package /usr/lib/obsidian/obsidian.asar
2023-04-10 20:33:00 Checking for update using Github
2023-04-10 20:36:52 Loading main app package /usr/lib/obsidian/obsidian.asar
2023-04-10 20:36:52 Checking for update using Github
2023-04-10 20:36:52 Success.
2023-04-10 20:36:52 Latest version is 1.1.16
2023-04-10 20:36:52 App is up to date.
2023-04-10 20:39:46 Loading main app package /usr/lib/obsidian/obsidian.asar
2023-04-10 20:39:46 Checking for update using Github
2023-04-10 20:39:46 Success.
2023-04-10 20:39:46 Latest version is 1.1.16
2023-04-10 20:39:46 App is up to date.
2023-04-10 20:40:23 Loading main app package /usr/lib/obsidian/obsidian.asar
2023-04-10 20:40:24 Checking for update using Github
2023-04-10 20:40:24 Success.
2023-04-10 20:40:24 Latest version is 1.1.16
2023-04-10 20:40:24 App is up to date.
2023-04-10 20:41:50 Loading main app package /usr/lib/obsidian/obsidian.asar
2023-04-10 20:41:50 Checking for update using Github
2023-04-10 20:43:27 Loading main app package /usr/lib/obsidian/obsidian.asar
2023-04-10 20:43:27 Checking for update using Github
2023-04-10 20:43:28 Success.
2023-04-10 20:43:28 Latest version is 1.1.16
2023-04-10 20:43:28 App is up to date.
2023-04-10 20:46:34 Loading main app package /usr/lib/obsidian/obsidian.asar
2023-04-10 20:46:34 Checking for update using Github
2023-04-10 20:48:01 Loading main app package /usr/lib/obsidian/obsidian.asar
2023-04-10 20:48:01 Checking for update using Github
2023-04-10 20:48:01 Success.
2023-04-10 20:48:01 Latest version is 1.1.16
2023-04-10 20:48:01 App is up to date.
2023-04-10 20:50:59 Loading main app package /usr/lib/obsidian/obsidian.asar
2023-04-10 20:51:00 Checking for update using Github
2023-04-10 20:53:23 Loading main app package /usr/lib/obsidian/obsidian.asar
2023-04-10 20:53:23 Checking for update using Github
2023-04-10 20:53:23 Success.
2023-04-10 20:53:23 Latest version is 1.1.16
2023-04-10 20:53:23 App is up to date.
2023-04-10 20:56:33 Loading main app package /usr/lib/obsidian/obsidian.asar
2023-04-10 20:56:33 Checking for update using Github
2023-04-10 20:58:30 Loading main app package /usr/lib/obsidian/obsidian.asar
2023-04-10 20:58:30 Checking for update using Github
2023-04-10 20:58:31 Success.
2023-04-10 20:58:31 Latest version is 1.1.16
2023-04-10 20:58:31 App is up to date.
2023-04-10 21:01:49 Loading main app package /usr/lib/obsidian/obsidian.asar
2023-04-10 21:01:49 Checking for update using Github
2023-04-10 21:04:42 Loading main app package /usr/lib/obsidian/obsidian.asar
2023-04-10 21:04:42 Checking for update using Github
2023-04-10 21:04:43 Success.
2023-04-10 21:04:43 Latest version is 1.1.16
2023-04-10 21:04:43 App is up to date.
2023-04-10 21:07:21 Loading main app package /usr/lib/obsidian/obsidian.asar
2023-04-10 21:07:21 Checking for update using Github
2023-04-10 21:10:13 Loading main app package /usr/lib/obsidian/obsidian.asar
2023-04-10 21:10:13 Checking for update using Github
2023-04-10 21:10:13 Success.
2023-04-10 21:10:13 Latest version is 1.1.16
2023-04-10 21:10:13 App is up to date.
2023-04-10 21:12:20 Loading main app package /usr/lib/obsidian/obsidian.asar
2023-04-10 21:12:20 Checking for update using Github
2023-04-10 21:27:02 Loading main app package /usr/lib/obsidian/obsidian.asar
2023-04-10 21:27:02 Checking for update using Github
2023-04-10 21:27:02 Success.
2023-04-10 21:27:02 Latest version is 1.1.16
2023-04-10 21:27:02 App is up to date.
2023-04-10 21:42:11 Loading main app package /usr/lib/obsidian/obsidian.asar
2023-04-10 21:42:11 Checking for update using Github
2023-04-10 21:42:12 Success.
2023-04-10 21:42:12 Latest version is 1.1.16
2023-04-10 21:42:12 App is up to date.
2023-04-11 12:11:22 Loading main app package /usr/lib/obsidian/obsidian.asar
2023-04-11 12:11:22 Checking for update using Github
2023-04-11 12:11:23 Success.
2023-04-11 12:11:23 Latest version is 1.1.16
2023-04-11 12:11:23 App is up to date.
2023-04-11 12:14:56 Loading main app package /usr/lib/obsidian/obsidian.asar
2023-04-11 12:14:56 Checking for update using Github
2023-04-11 12:38:03 Loading main app package /usr/lib/obsidian/obsidian.asar
2023-04-11 12:38:03 Checking for update using Github
2023-04-11 12:38:04 Success.
2023-04-11 12:38:04 Latest version is 1.1.16
2023-04-11 12:38:04 App is up to date.
2023-04-11 12:48:32 Loading main app package /usr/lib/obsidian/obsidian.asar
2023-04-11 12:48:32 Checking for update using Github
2023-04-11 12:49:11 Loading main app package /usr/lib/obsidian/obsidian.asar
2023-04-11 12:49:12 Checking for update using Github
2023-04-11 12:49:12 Success.
2023-04-11 12:49:12 Latest version is 1.1.16
2023-04-11 12:49:12 App is up to date.
2023-04-11 12:53:39 Loading main app package /usr/lib/obsidian/obsidian.asar
2023-04-11 12:53:39 Checking for update using Github
2023-04-11 12:55:30 Loading main app package /usr/lib/obsidian/obsidian.asar
2023-04-11 12:55:30 Checking for update using Github
2023-04-11 12:55:31 Success.
2023-04-11 12:55:31 Latest version is 1.1.16
2023-04-11 12:55:31 App is up to date.
2023-04-11 12:58:11 Loading main app package /usr/lib/obsidian/obsidian.asar
2023-04-11 12:58:11 Checking for update using Github
2023-04-11 12:58:11 Success.
2023-04-11 12:58:11 Latest version is 1.1.16
2023-04-11 12:58:11 App is up to date.
2023-04-11 12:58:53 Loading main app package /usr/lib/obsidian/obsidian.asar
2023-04-11 12:58:53 Checking for update using Github
2023-04-11 13:03:54 Loading main app package /usr/lib/obsidian/obsidian.asar
2023-04-11 13:03:56 Checking for update using Github
2023-04-11 13:03:57 Success.
2023-04-11 13:03:57 Latest version is 1.1.16
2023-04-11 13:03:57 App is up to date.
2023-04-11 14:03:54 Checking for update using Github
2023-04-11 14:03:55 Success.
2023-04-11 14:03:55 Latest version is 1.1.16
2023-04-11 14:03:55 App is up to date.
2023-04-11 14:07:41 Loading main app package /usr/lib/obsidian/obsidian.asar
2023-04-11 14:07:41 Checking for update using Github
2023-04-11 14:07:41 Success.
2023-04-11 14:07:41 Latest version is 1.1.16
2023-04-11 14:07:41 App is up to date.
2023-04-11 14:07:57 Loading main app package /usr/lib/obsidian/obsidian.asar
2023-04-11 14:07:57 Checking for update using Github
2023-04-11 15:07:41 Checking for update using Github
2023-04-11 15:07:41 Failed to check for update using Github (net::ERR_FAILED)
2023-04-11 15:07:41 Checking for update using obsidian.md
2023-04-11 15:07:41 Failed to check for update using obsidian.md (net::ERR_FAILED)
2023-04-11 16:07:41 Checking for update using Github
2023-04-11 16:07:41 Failed to check for update using Github (net::ERR_FAILED)
2023-04-11 16:07:41 Checking for update using obsidian.md
2023-04-11 16:07:41 Failed to check for update using obsidian.md (net::ERR_FAILED)
2023-04-11 17:07:41 Checking for update using Github
2023-04-11 17:07:41 Failed to check for update using Github (net::ERR_FAILED)
2023-04-11 17:07:41 Checking for update using obsidian.md
2023-04-11 17:07:41 Failed to check for update using obsidian.md (net::ERR_FAILED)
2023-04-11 17:37:46 Loading main app package /usr/lib/obsidian/obsidian.asar
2023-04-11 17:37:46 Checking for update using Github
2023-04-11 17:37:46 Success.
2023-04-11 17:37:46 Latest version is 1.1.16
2023-04-11 17:37:46 App is up to date.
2023-04-11 17:49:45 Loading main app package /usr/lib/obsidian/obsidian.asar
2023-04-11 17:49:45 Checking for update using Github
2023-04-11 17:49:45 Success.
2023-04-11 17:49:45 Latest version is 1.1.16
2023-04-11 17:49:45 App is up to date.
2023-04-11 17:58:36 Loading main app package /usr/lib/obsidian/obsidian.asar
2023-04-11 17:58:36 Checking for update using Github
2023-04-11 17:58:37 Failed to check for update using Github (net::ERR_INTERNET_DISCONNECTED)
2023-04-11 17:58:37 Checking for update using obsidian.md
2023-04-11 17:58:37 Failed to check for update using obsidian.md (net::ERR_INTERNET_DISCONNECTED)
2023-04-11 18:08:21 Loading main app package /usr/lib/obsidian/obsidian.asar
2023-04-11 18:08:22 Checking for update using Github
2023-04-11 18:08:22 Success.
2023-04-11 18:08:22 Latest version is 1.1.16
2023-04-11 18:08:22 App is up to date.
