2023-04-11 09:08:11.256 [info] Added views:workbench.panel.markers.view in workbench.panel.markers
2023-04-11 09:08:11.256 [info] Added views:workbench.panel.output in workbench.panel.output
2023-04-11 09:08:11.256 [info] Added views:terminal in terminal
2023-04-11 09:08:11.256 [info] Added views:outline in workbench.view.explorer
2023-04-11 09:08:11.256 [info] Added views:workbench.scm in workbench.view.scm
2023-04-11 09:08:11.256 [info] Added views:workbench.view.search in workbench.view.search
2023-04-11 09:08:11.256 [info] Added views:timeline in workbench.view.explorer
2023-04-11 09:08:11.256 [info] Added views:workbench.explorer.fileView in workbench.view.explorer
2023-04-11 09:08:11.389 [info] Added views:workbench.debug.welcome in workbench.view.debug
2023-04-11 09:08:11.897 [info] Added views:workbench.panel.repl.view in workbench.panel.repl
2023-04-11 10:23:30.881 [info] Added views:workbench.panel.markers.view in workbench.panel.markers
2023-04-11 10:23:30.881 [info] Added views:workbench.panel.output in workbench.panel.output
2023-04-11 10:23:30.881 [info] Added views:terminal in terminal
2023-04-11 10:23:30.881 [info] Added views:outline in workbench.view.explorer
2023-04-11 10:23:30.882 [info] Added views:workbench.scm in workbench.view.scm
2023-04-11 10:23:30.882 [info] Added views:workbench.view.search in workbench.view.search
2023-04-11 10:23:30.882 [info] Added views:timeline in workbench.view.explorer
2023-04-11 10:23:30.882 [info] Added views:workbench.explorer.fileView in workbench.view.explorer
2023-04-11 10:23:31.193 [info] Added views:workbench.debug.variablesView,workbench.debug.watchExpressionsView,workbench.debug.callStackView,workbench.debug.breakPointsView in workbench.view.debug
2023-04-11 10:23:31.376 [info] Added views:workbench.panel.repl.view in workbench.panel.repl
2023-04-11 10:23:31.379 [info] Removed views:workbench.debug.breakPointsView,workbench.debug.callStackView,workbench.debug.watchExpressionsView,workbench.debug.variablesView from workbench.view.debug
2023-04-11 10:23:31.379 [info] Added views:workbench.debug.welcome in workbench.view.debug
