2023-04-11 07:57:48.453 [info] Log level: Info
2023-04-11 07:57:48.453 [info] Validating found git in: "git"
2023-04-11 07:57:48.453 [info] Using git "2.40.0" from "git"
2023-04-11 07:57:48.453 [info] > git rev-parse --show-toplevel [4ms]
2023-04-11 07:57:48.453 [info] fatal: not a git repository (or any parent up to mount point /)
Stopping at filesystem boundary (GIT_DISCOVERY_ACROSS_FILESYSTEM not set).
2023-04-11 07:57:48.453 [info] > git rev-parse --show-toplevel [2ms]
2023-04-11 07:57:48.453 [info] fatal: not a git repository (or any parent up to mount point /)
Stopping at filesystem boundary (GIT_DISCOVERY_ACROSS_FILESYSTEM not set).
2023-04-11 07:57:48.453 [info] > git rev-parse --show-toplevel [1ms]
2023-04-11 07:57:48.453 [info] fatal: not a git repository (or any parent up to mount point /)
Stopping at filesystem boundary (GIT_DISCOVERY_ACROSS_FILESYSTEM not set).
2023-04-11 07:57:48.453 [info] > git rev-parse --show-toplevel [17ms]
2023-04-11 07:57:48.453 [info] fatal: not a git repository (or any parent up to mount point /)
Stopping at filesystem boundary (GIT_DISCOVERY_ACROSS_FILESYSTEM not set).
2023-04-11 07:57:48.453 [info] > git rev-parse --show-toplevel [1ms]
2023-04-11 07:57:48.453 [info] fatal: not a git repository (or any parent up to mount point /)
Stopping at filesystem boundary (GIT_DISCOVERY_ACROSS_FILESYSTEM not set).
2023-04-11 07:57:48.461 [info] > git rev-parse --show-toplevel [8ms]
2023-04-11 07:57:48.461 [info] fatal: not a git repository (or any parent up to mount point /)
Stopping at filesystem boundary (GIT_DISCOVERY_ACROSS_FILESYSTEM not set).
2023-04-11 07:57:48.467 [info] > git rev-parse --show-toplevel [1ms]
2023-04-11 07:57:48.467 [info] fatal: not a git repository (or any parent up to mount point /)
Stopping at filesystem boundary (GIT_DISCOVERY_ACROSS_FILESYSTEM not set).
2023-04-11 07:57:48.475 [info] > git rev-parse --show-toplevel [3ms]
2023-04-11 07:57:48.476 [info] fatal: not a git repository (or any parent up to mount point /)
Stopping at filesystem boundary (GIT_DISCOVERY_ACROSS_FILESYSTEM not set).
2023-04-11 07:57:48.483 [info] > git rev-parse --show-toplevel [1ms]
2023-04-11 07:57:48.483 [info] fatal: not a git repository (or any parent up to mount point /)
Stopping at filesystem boundary (GIT_DISCOVERY_ACROSS_FILESYSTEM not set).
2023-04-11 07:57:48.490 [info] > git rev-parse --show-toplevel [1ms]
2023-04-11 07:57:48.490 [info] fatal: not a git repository (or any parent up to mount point /)
Stopping at filesystem boundary (GIT_DISCOVERY_ACROSS_FILESYSTEM not set).
2023-04-11 07:57:48.498 [info] > git rev-parse --show-toplevel [1ms]
2023-04-11 07:57:48.498 [info] fatal: not a git repository (or any parent up to mount point /)
Stopping at filesystem boundary (GIT_DISCOVERY_ACROSS_FILESYSTEM not set).
2023-04-11 07:57:48.505 [info] > git rev-parse --show-toplevel [2ms]
2023-04-11 07:57:48.505 [info] fatal: not a git repository (or any parent up to mount point /)
Stopping at filesystem boundary (GIT_DISCOVERY_ACROSS_FILESYSTEM not set).
2023-04-11 07:57:48.512 [info] > git rev-parse --show-toplevel [1ms]
2023-04-11 07:57:48.512 [info] fatal: not a git repository (or any parent up to mount point /)
Stopping at filesystem boundary (GIT_DISCOVERY_ACROSS_FILESYSTEM not set).
2023-04-11 07:57:48.519 [info] > git rev-parse --show-toplevel [2ms]
2023-04-11 07:57:48.519 [info] fatal: not a git repository (or any parent up to mount point /)
Stopping at filesystem boundary (GIT_DISCOVERY_ACROSS_FILESYSTEM not set).
2023-04-11 07:57:48.526 [info] > git rev-parse --show-toplevel [0ms]
2023-04-11 07:57:48.526 [info] fatal: not a git repository (or any parent up to mount point /)
Stopping at filesystem boundary (GIT_DISCOVERY_ACROSS_FILESYSTEM not set).
2023-04-11 07:57:48.532 [info] > git rev-parse --show-toplevel [1ms]
2023-04-11 07:57:48.532 [info] fatal: not a git repository (or any parent up to mount point /)
Stopping at filesystem boundary (GIT_DISCOVERY_ACROSS_FILESYSTEM not set).
2023-04-11 07:57:48.540 [info] > git rev-parse --show-toplevel [1ms]
2023-04-11 07:57:48.540 [info] fatal: not a git repository (or any parent up to mount point /)
Stopping at filesystem boundary (GIT_DISCOVERY_ACROSS_FILESYSTEM not set).
2023-04-11 07:57:48.546 [info] > git rev-parse --show-toplevel [1ms]
2023-04-11 07:57:48.546 [info] fatal: not a git repository (or any parent up to mount point /)
Stopping at filesystem boundary (GIT_DISCOVERY_ACROSS_FILESYSTEM not set).
2023-04-11 07:57:48.553 [info] > git rev-parse --show-toplevel [1ms]
2023-04-11 07:57:48.553 [info] fatal: not a git repository (or any parent up to mount point /)
Stopping at filesystem boundary (GIT_DISCOVERY_ACROSS_FILESYSTEM not set).
2023-04-11 07:57:48.559 [info] > git rev-parse --show-toplevel [0ms]
2023-04-11 07:57:48.559 [info] fatal: not a git repository (or any parent up to mount point /)
Stopping at filesystem boundary (GIT_DISCOVERY_ACROSS_FILESYSTEM not set).
2023-04-11 07:57:48.565 [info] > git rev-parse --show-toplevel [1ms]
2023-04-11 07:57:48.565 [info] fatal: not a git repository (or any parent up to mount point /)
Stopping at filesystem boundary (GIT_DISCOVERY_ACROSS_FILESYSTEM not set).
2023-04-11 07:57:48.575 [info] > git rev-parse --show-toplevel [3ms]
2023-04-11 07:57:48.575 [info] fatal: not a git repository (or any parent up to mount point /)
Stopping at filesystem boundary (GIT_DISCOVERY_ACROSS_FILESYSTEM not set).
2023-04-11 07:57:48.581 [info] > git rev-parse --show-toplevel [1ms]
2023-04-11 07:57:48.581 [info] fatal: not a git repository (or any parent up to mount point /)
Stopping at filesystem boundary (GIT_DISCOVERY_ACROSS_FILESYSTEM not set).
2023-04-11 07:57:48.587 [info] > git rev-parse --show-toplevel [1ms]
2023-04-11 07:57:48.587 [info] fatal: not a git repository (or any parent up to mount point /)
Stopping at filesystem boundary (GIT_DISCOVERY_ACROSS_FILESYSTEM not set).
2023-04-11 07:57:48.593 [info] > git rev-parse --show-toplevel [1ms]
2023-04-11 07:57:48.593 [info] fatal: not a git repository (or any parent up to mount point /)
Stopping at filesystem boundary (GIT_DISCOVERY_ACROSS_FILESYSTEM not set).
2023-04-11 07:57:48.599 [info] > git rev-parse --show-toplevel [1ms]
2023-04-11 07:57:48.599 [info] fatal: not a git repository (or any parent up to mount point /)
Stopping at filesystem boundary (GIT_DISCOVERY_ACROSS_FILESYSTEM not set).
2023-04-11 07:57:48.605 [info] > git rev-parse --show-toplevel [1ms]
2023-04-11 07:57:48.605 [info] fatal: not a git repository (or any parent up to mount point /)
Stopping at filesystem boundary (GIT_DISCOVERY_ACROSS_FILESYSTEM not set).
2023-04-11 07:57:48.611 [info] > git rev-parse --show-toplevel [1ms]
2023-04-11 07:57:48.611 [info] fatal: not a git repository (or any parent up to mount point /)
Stopping at filesystem boundary (GIT_DISCOVERY_ACROSS_FILESYSTEM not set).
2023-04-11 07:57:48.617 [info] > git rev-parse --show-toplevel [1ms]
2023-04-11 07:57:48.617 [info] fatal: not a git repository (or any parent up to mount point /)
Stopping at filesystem boundary (GIT_DISCOVERY_ACROSS_FILESYSTEM not set).
2023-04-11 07:57:48.623 [info] > git rev-parse --show-toplevel [1ms]
2023-04-11 07:57:48.623 [info] fatal: not a git repository (or any parent up to mount point /)
Stopping at filesystem boundary (GIT_DISCOVERY_ACROSS_FILESYSTEM not set).
2023-04-11 07:57:48.630 [info] > git rev-parse --show-toplevel [0ms]
2023-04-11 07:57:48.630 [info] fatal: not a git repository (or any parent up to mount point /)
Stopping at filesystem boundary (GIT_DISCOVERY_ACROSS_FILESYSTEM not set).
2023-04-11 07:57:48.639 [info] > git rev-parse --show-toplevel [1ms]
2023-04-11 07:57:48.639 [info] fatal: not a git repository (or any parent up to mount point /)
Stopping at filesystem boundary (GIT_DISCOVERY_ACROSS_FILESYSTEM not set).
2023-04-11 08:01:22.562 [info] > git rev-parse --show-toplevel [1ms]
2023-04-11 08:01:22.563 [info] fatal: not a git repository (or any parent up to mount point /)
Stopping at filesystem boundary (GIT_DISCOVERY_ACROSS_FILESYSTEM not set).
2023-04-11 08:01:23.347 [info] > git rev-parse --show-toplevel [1ms]
2023-04-11 08:01:23.347 [info] fatal: not a git repository (or any parent up to mount point /)
Stopping at filesystem boundary (GIT_DISCOVERY_ACROSS_FILESYSTEM not set).
2023-04-11 08:01:24.867 [info] > git rev-parse --show-toplevel [1ms]
2023-04-11 08:01:24.867 [info] fatal: not a git repository (or any parent up to mount point /)
Stopping at filesystem boundary (GIT_DISCOVERY_ACROSS_FILESYSTEM not set).
2023-04-11 08:01:27.371 [info] > git rev-parse --show-toplevel [3ms]
2023-04-11 08:01:27.371 [info] fatal: not a git repository (or any parent up to mount point /)
Stopping at filesystem boundary (GIT_DISCOVERY_ACROSS_FILESYSTEM not set).
2023-04-11 08:01:28.268 [info] > git rev-parse --show-toplevel [2ms]
2023-04-11 08:01:28.268 [info] fatal: not a git repository (or any parent up to mount point /)
Stopping at filesystem boundary (GIT_DISCOVERY_ACROSS_FILESYSTEM not set).
2023-04-11 08:01:29.109 [info] > git rev-parse --show-toplevel [2ms]
2023-04-11 08:01:29.109 [info] fatal: not a git repository (or any parent up to mount point /)
Stopping at filesystem boundary (GIT_DISCOVERY_ACROSS_FILESYSTEM not set).
2023-04-11 08:01:30.379 [info] > git rev-parse --show-toplevel [3ms]
2023-04-11 08:01:30.379 [info] fatal: not a git repository (or any parent up to mount point /)
Stopping at filesystem boundary (GIT_DISCOVERY_ACROSS_FILESYSTEM not set).
2023-04-11 08:01:31.658 [info] > git rev-parse --show-toplevel [2ms]
2023-04-11 08:01:31.658 [info] fatal: not a git repository (or any parent up to mount point /)
Stopping at filesystem boundary (GIT_DISCOVERY_ACROSS_FILESYSTEM not set).
2023-04-11 08:01:37.321 [info] > git rev-parse --show-toplevel [1ms]
2023-04-11 08:01:37.322 [info] fatal: not a git repository (or any parent up to mount point /)
Stopping at filesystem boundary (GIT_DISCOVERY_ACROSS_FILESYSTEM not set).
2023-04-11 08:01:41.496 [info] > git rev-parse --show-toplevel [1ms]
2023-04-11 08:01:41.496 [info] fatal: not a git repository (or any parent up to mount point /)
Stopping at filesystem boundary (GIT_DISCOVERY_ACROSS_FILESYSTEM not set).
2023-04-11 08:02:02.019 [info] > git rev-parse --show-toplevel [3ms]
2023-04-11 08:02:02.019 [info] fatal: not a git repository (or any parent up to mount point /)
Stopping at filesystem boundary (GIT_DISCOVERY_ACROSS_FILESYSTEM not set).
2023-04-11 08:04:03.866 [info] > git rev-parse --show-toplevel [2ms]
2023-04-11 08:04:03.866 [info] fatal: not a git repository (or any parent up to mount point /)
Stopping at filesystem boundary (GIT_DISCOVERY_ACROSS_FILESYSTEM not set).
2023-04-11 08:04:06.113 [info] > git rev-parse --show-toplevel [2ms]
2023-04-11 08:04:06.113 [info] fatal: not a git repository (or any parent up to mount point /)
Stopping at filesystem boundary (GIT_DISCOVERY_ACROSS_FILESYSTEM not set).
2023-04-11 08:20:43.121 [info] > git rev-parse --show-toplevel [1ms]
2023-04-11 08:20:43.121 [info] fatal: not a git repository (or any parent up to mount point /)
Stopping at filesystem boundary (GIT_DISCOVERY_ACROSS_FILESYSTEM not set).
