2023-04-11 11:24:04.548 [info] Log level: Info
2023-04-11 11:24:04.548 [info] Validating found git in: "git"
2023-04-11 11:24:04.548 [info] Using git "2.40.0" from "git"
2023-04-11 11:24:04.548 [info] > git rev-parse --show-toplevel [5ms]
2023-04-11 11:24:04.548 [info] > git rev-parse --git-dir --git-common-dir [4ms]
2023-04-11 11:24:04.548 [info] Open repository: /home/ryan/Software/hyprland-dotfiles
2023-04-11 11:24:04.548 [info] > git rev-parse --show-toplevel [19ms]
2023-04-11 11:24:04.548 [info] > git config --get commit.template [4ms]
2023-04-11 11:24:04.552 [info] > git for-each-ref --format=%(refname)%00%(upstream:short)%00%(objectname)%00%(upstream:track)%00%(upstream:remotename)%00%(upstream:remoteref) refs/heads/main refs/remotes/main [5ms]
2023-04-11 11:24:04.562 [info] > git status -z -uall [1ms]
2023-04-11 11:24:04.576 [info] > git config --get commit.template [1ms]
2023-04-11 11:24:04.583 [info] > git for-each-ref --format=%(refname)%00%(upstream:short)%00%(objectname)%00%(upstream:track)%00%(upstream:remotename)%00%(upstream:remoteref) refs/heads/main refs/remotes/main [1ms]
2023-04-11 11:24:04.590 [info] > git status -z -uall [2ms]
2023-04-11 11:24:04.830 [info] > git show --textconv :themes.md [7ms]
2023-04-11 11:24:04.830 [info] > git ls-files --stage -- /home/ryan/Software/hyprland-dotfiles/themes.md [1ms]
2023-04-11 11:24:04.838 [info] > git cat-file -s 9bb2219e016e57a8a36b11ef6ba1a69e61a7a42d [1ms]
2023-04-11 11:24:05.030 [info] > git check-ignore -v -z --stdin [2ms]
2023-04-11 11:24:19.795 [info] Log level: Info
2023-04-11 11:24:19.795 [info] Validating found git in: "git"
2023-04-11 11:24:19.795 [info] Using git "2.40.0" from "git"
2023-04-11 11:24:19.795 [info] > git rev-parse --show-toplevel [4ms]
2023-04-11 11:24:19.795 [info] fatal: not a git repository (or any parent up to mount point /)
Stopping at filesystem boundary (GIT_DISCOVERY_ACROSS_FILESYSTEM not set).
2023-04-11 11:24:19.808 [info] > git rev-parse --show-toplevel [13ms]
2023-04-11 11:24:19.808 [info] fatal: not a git repository (or any parent up to mount point /)
Stopping at filesystem boundary (GIT_DISCOVERY_ACROSS_FILESYSTEM not set).
2023-04-11 11:24:19.816 [info] > git rev-parse --show-toplevel [3ms]
2023-04-11 11:24:19.816 [info] fatal: not a git repository (or any parent up to mount point /)
Stopping at filesystem boundary (GIT_DISCOVERY_ACROSS_FILESYSTEM not set).
2023-04-11 11:24:19.823 [info] > git rev-parse --show-toplevel [2ms]
2023-04-11 11:24:19.823 [info] fatal: not a git repository (or any parent up to mount point /)
Stopping at filesystem boundary (GIT_DISCOVERY_ACROSS_FILESYSTEM not set).
2023-04-11 11:24:19.829 [info] > git rev-parse --show-toplevel [1ms]
2023-04-11 11:24:19.829 [info] fatal: not a git repository (or any parent up to mount point /)
Stopping at filesystem boundary (GIT_DISCOVERY_ACROSS_FILESYSTEM not set).
2023-04-11 11:24:19.834 [info] > git rev-parse --show-toplevel [0ms]
2023-04-11 11:24:19.834 [info] fatal: not a git repository (or any parent up to mount point /)
Stopping at filesystem boundary (GIT_DISCOVERY_ACROSS_FILESYSTEM not set).
2023-04-11 11:24:19.841 [info] > git rev-parse --show-toplevel [0ms]
2023-04-11 11:24:19.841 [info] fatal: not a git repository (or any parent up to mount point /)
Stopping at filesystem boundary (GIT_DISCOVERY_ACROSS_FILESYSTEM not set).
2023-04-11 11:24:19.850 [info] > git rev-parse --show-toplevel [4ms]
2023-04-11 11:24:19.850 [info] fatal: not a git repository (or any parent up to mount point /)
Stopping at filesystem boundary (GIT_DISCOVERY_ACROSS_FILESYSTEM not set).
2023-04-11 11:24:19.857 [info] > git rev-parse --show-toplevel [1ms]
2023-04-11 11:24:19.857 [info] fatal: not a git repository (or any parent up to mount point /)
Stopping at filesystem boundary (GIT_DISCOVERY_ACROSS_FILESYSTEM not set).
2023-04-11 11:24:19.864 [info] > git rev-parse --show-toplevel [2ms]
2023-04-11 11:24:19.864 [info] fatal: not a git repository (or any parent up to mount point /)
Stopping at filesystem boundary (GIT_DISCOVERY_ACROSS_FILESYSTEM not set).
2023-04-11 11:24:19.870 [info] > git rev-parse --show-toplevel [1ms]
2023-04-11 11:24:19.870 [info] fatal: not a git repository (or any parent up to mount point /)
Stopping at filesystem boundary (GIT_DISCOVERY_ACROSS_FILESYSTEM not set).
2023-04-11 11:24:19.877 [info] > git rev-parse --show-toplevel [1ms]
2023-04-11 11:24:19.877 [info] fatal: not a git repository (or any parent up to mount point /)
Stopping at filesystem boundary (GIT_DISCOVERY_ACROSS_FILESYSTEM not set).
2023-04-11 11:24:19.882 [info] > git rev-parse --show-toplevel [1ms]
2023-04-11 11:24:19.882 [info] fatal: not a git repository (or any parent up to mount point /)
Stopping at filesystem boundary (GIT_DISCOVERY_ACROSS_FILESYSTEM not set).
2023-04-11 11:24:19.888 [info] > git rev-parse --show-toplevel [1ms]
2023-04-11 11:24:19.888 [info] fatal: not a git repository (or any parent up to mount point /)
Stopping at filesystem boundary (GIT_DISCOVERY_ACROSS_FILESYSTEM not set).
2023-04-11 11:24:19.894 [info] > git rev-parse --show-toplevel [0ms]
2023-04-11 11:24:19.895 [info] fatal: not a git repository (or any parent up to mount point /)
Stopping at filesystem boundary (GIT_DISCOVERY_ACROSS_FILESYSTEM not set).
2023-04-11 11:24:19.900 [info] > git rev-parse --show-toplevel [1ms]
2023-04-11 11:24:19.900 [info] fatal: not a git repository (or any parent up to mount point /)
Stopping at filesystem boundary (GIT_DISCOVERY_ACROSS_FILESYSTEM not set).
2023-04-11 11:24:19.907 [info] > git rev-parse --show-toplevel [1ms]
2023-04-11 11:24:19.907 [info] fatal: not a git repository (or any parent up to mount point /)
Stopping at filesystem boundary (GIT_DISCOVERY_ACROSS_FILESYSTEM not set).
2023-04-11 11:24:19.913 [info] > git rev-parse --show-toplevel [1ms]
2023-04-11 11:24:19.913 [info] fatal: not a git repository (or any parent up to mount point /)
Stopping at filesystem boundary (GIT_DISCOVERY_ACROSS_FILESYSTEM not set).
2023-04-11 11:24:19.919 [info] > git rev-parse --show-toplevel [1ms]
2023-04-11 11:24:19.919 [info] fatal: not a git repository (or any parent up to mount point /)
Stopping at filesystem boundary (GIT_DISCOVERY_ACROSS_FILESYSTEM not set).
2023-04-11 11:24:19.926 [info] > git rev-parse --show-toplevel [1ms]
2023-04-11 11:24:19.926 [info] fatal: not a git repository (or any parent up to mount point /)
Stopping at filesystem boundary (GIT_DISCOVERY_ACROSS_FILESYSTEM not set).
2023-04-11 11:24:19.932 [info] > git rev-parse --show-toplevel [1ms]
2023-04-11 11:24:19.932 [info] fatal: not a git repository (or any parent up to mount point /)
Stopping at filesystem boundary (GIT_DISCOVERY_ACROSS_FILESYSTEM not set).
2023-04-11 11:24:19.939 [info] > git rev-parse --show-toplevel [1ms]
2023-04-11 11:24:19.939 [info] fatal: not a git repository (or any parent up to mount point /)
Stopping at filesystem boundary (GIT_DISCOVERY_ACROSS_FILESYSTEM not set).
2023-04-11 11:24:19.946 [info] > git rev-parse --show-toplevel [1ms]
2023-04-11 11:24:19.946 [info] fatal: not a git repository (or any parent up to mount point /)
Stopping at filesystem boundary (GIT_DISCOVERY_ACROSS_FILESYSTEM not set).
2023-04-11 11:24:19.952 [info] > git rev-parse --show-toplevel [0ms]
2023-04-11 11:24:19.952 [info] fatal: not a git repository (or any parent up to mount point /)
Stopping at filesystem boundary (GIT_DISCOVERY_ACROSS_FILESYSTEM not set).
2023-04-11 11:24:19.958 [info] > git rev-parse --show-toplevel [1ms]
2023-04-11 11:24:19.958 [info] fatal: not a git repository (or any parent up to mount point /)
Stopping at filesystem boundary (GIT_DISCOVERY_ACROSS_FILESYSTEM not set).
2023-04-11 11:24:19.965 [info] > git rev-parse --show-toplevel [1ms]
2023-04-11 11:24:19.965 [info] fatal: not a git repository (or any parent up to mount point /)
Stopping at filesystem boundary (GIT_DISCOVERY_ACROSS_FILESYSTEM not set).
2023-04-11 11:24:19.971 [info] > git rev-parse --show-toplevel [1ms]
2023-04-11 11:24:19.971 [info] fatal: not a git repository (or any parent up to mount point /)
Stopping at filesystem boundary (GIT_DISCOVERY_ACROSS_FILESYSTEM not set).
2023-04-11 11:24:19.978 [info] > git rev-parse --show-toplevel [1ms]
2023-04-11 11:24:19.978 [info] fatal: not a git repository (or any parent up to mount point /)
Stopping at filesystem boundary (GIT_DISCOVERY_ACROSS_FILESYSTEM not set).
2023-04-11 11:24:19.985 [info] > git rev-parse --show-toplevel [1ms]
2023-04-11 11:24:19.985 [info] fatal: not a git repository (or any parent up to mount point /)
Stopping at filesystem boundary (GIT_DISCOVERY_ACROSS_FILESYSTEM not set).
2023-04-11 11:24:29.404 [info] > git rev-parse --show-toplevel [2ms]
2023-04-11 11:24:29.404 [info] fatal: not a git repository (or any parent up to mount point /)
Stopping at filesystem boundary (GIT_DISCOVERY_ACROSS_FILESYSTEM not set).
2023-04-11 12:35:50.839 [info] > git rev-parse --show-toplevel [7ms]
2023-04-11 12:35:50.848 [info] > git rev-parse --git-dir --git-common-dir [2ms]
2023-04-11 12:35:50.865 [info] Open repository: /home/ryan/Software/hyprland-dotfiles
2023-04-11 12:35:50.887 [info] > git config --get commit.template [9ms]
2023-04-11 12:35:50.892 [info] > git for-each-ref --format=%(refname)%00%(upstream:short)%00%(objectname)%00%(upstream:track)%00%(upstream:remotename)%00%(upstream:remoteref) refs/heads/main refs/remotes/main [6ms]
2023-04-11 12:35:50.907 [info] > git status -z -uall [7ms]
2023-04-11 12:35:50.927 [info] > git config --get commit.template [7ms]
2023-04-11 12:35:50.928 [info] > git for-each-ref --format=%(refname)%00%(upstream:short)%00%(objectname)%00%(upstream:track)%00%(upstream:remotename)%00%(upstream:remoteref) refs/heads/main refs/remotes/main [2ms]
2023-04-11 12:35:50.936 [info] > git status -z -uall [3ms]
2023-04-11 12:35:51.184 [info] > git show --textconv :reply [8ms]
2023-04-11 12:35:51.186 [info] > git ls-files --stage -- /home/ryan/Software/hyprland-dotfiles/reply [2ms]
2023-04-11 12:35:51.416 [info] > git check-ignore -v -z --stdin [3ms]
