2023-04-11 07:55:22.139 [info] Log level: Info
2023-04-11 07:55:22.139 [info] Validating found git in: "git"
2023-04-11 07:55:22.139 [info] Using git "2.40.0" from "git"
2023-04-11 07:55:22.139 [info] > git rev-parse --show-toplevel [4ms]
2023-04-11 07:55:22.139 [info] fatal: not a git repository (or any parent up to mount point /)
Stopping at filesystem boundary (GIT_DISCOVERY_ACROSS_FILESYSTEM not set).
2023-04-11 07:55:22.142 [info] > git rev-parse --show-toplevel [15ms]
2023-04-11 07:55:22.142 [info] fatal: not a git repository (or any parent up to mount point /)
Stopping at filesystem boundary (GIT_DISCOVERY_ACROSS_FILESYSTEM not set).
2023-04-11 07:55:22.152 [info] > git rev-parse --show-toplevel [3ms]
2023-04-11 07:55:22.152 [info] fatal: not a git repository (or any parent up to mount point /)
Stopping at filesystem boundary (GIT_DISCOVERY_ACROSS_FILESYSTEM not set).
2023-04-11 07:55:22.160 [info] > git rev-parse --show-toplevel [1ms]
2023-04-11 07:55:22.160 [info] fatal: not a git repository (or any parent up to mount point /)
Stopping at filesystem boundary (GIT_DISCOVERY_ACROSS_FILESYSTEM not set).
2023-04-11 07:55:22.168 [info] > git rev-parse --show-toplevel [1ms]
2023-04-11 07:55:22.168 [info] fatal: not a git repository (or any parent up to mount point /)
Stopping at filesystem boundary (GIT_DISCOVERY_ACROSS_FILESYSTEM not set).
2023-04-11 07:55:22.176 [info] > git rev-parse --show-toplevel [1ms]
2023-04-11 07:55:22.176 [info] fatal: not a git repository (or any parent up to mount point /)
Stopping at filesystem boundary (GIT_DISCOVERY_ACROSS_FILESYSTEM not set).
2023-04-11 07:55:22.184 [info] > git rev-parse --show-toplevel [1ms]
2023-04-11 07:55:22.184 [info] fatal: not a git repository (or any parent up to mount point /)
Stopping at filesystem boundary (GIT_DISCOVERY_ACROSS_FILESYSTEM not set).
2023-04-11 07:55:22.192 [info] > git rev-parse --show-toplevel [1ms]
2023-04-11 07:55:22.192 [info] fatal: not a git repository (or any parent up to mount point /)
Stopping at filesystem boundary (GIT_DISCOVERY_ACROSS_FILESYSTEM not set).
2023-04-11 07:55:22.201 [info] > git rev-parse --show-toplevel [1ms]
2023-04-11 07:55:22.201 [info] fatal: not a git repository (or any parent up to mount point /)
Stopping at filesystem boundary (GIT_DISCOVERY_ACROSS_FILESYSTEM not set).
2023-04-11 07:55:22.215 [info] > git rev-parse --show-toplevel [6ms]
2023-04-11 07:55:22.215 [info] fatal: not a git repository (or any parent up to mount point /)
Stopping at filesystem boundary (GIT_DISCOVERY_ACROSS_FILESYSTEM not set).
2023-04-11 07:55:22.223 [info] > git rev-parse --show-toplevel [1ms]
2023-04-11 07:55:22.223 [info] fatal: not a git repository (or any parent up to mount point /)
Stopping at filesystem boundary (GIT_DISCOVERY_ACROSS_FILESYSTEM not set).
2023-04-11 07:55:22.230 [info] > git rev-parse --show-toplevel [1ms]
2023-04-11 07:55:22.230 [info] fatal: not a git repository (or any parent up to mount point /)
Stopping at filesystem boundary (GIT_DISCOVERY_ACROSS_FILESYSTEM not set).
2023-04-11 07:55:22.239 [info] > git rev-parse --show-toplevel [1ms]
2023-04-11 07:55:22.239 [info] fatal: not a git repository (or any parent up to mount point /)
Stopping at filesystem boundary (GIT_DISCOVERY_ACROSS_FILESYSTEM not set).
2023-04-11 07:55:22.246 [info] > git rev-parse --show-toplevel [1ms]
2023-04-11 07:55:22.246 [info] fatal: not a git repository (or any parent up to mount point /)
Stopping at filesystem boundary (GIT_DISCOVERY_ACROSS_FILESYSTEM not set).
2023-04-11 07:55:22.255 [info] > git rev-parse --show-toplevel [1ms]
2023-04-11 07:55:22.255 [info] fatal: not a git repository (or any parent up to mount point /)
Stopping at filesystem boundary (GIT_DISCOVERY_ACROSS_FILESYSTEM not set).
2023-04-11 07:55:22.262 [info] > git rev-parse --show-toplevel [1ms]
2023-04-11 07:55:22.262 [info] fatal: not a git repository (or any parent up to mount point /)
Stopping at filesystem boundary (GIT_DISCOVERY_ACROSS_FILESYSTEM not set).
2023-04-11 07:55:22.269 [info] > git rev-parse --show-toplevel [0ms]
2023-04-11 07:55:22.269 [info] fatal: not a git repository (or any parent up to mount point /)
Stopping at filesystem boundary (GIT_DISCOVERY_ACROSS_FILESYSTEM not set).
2023-04-11 07:55:22.276 [info] > git rev-parse --show-toplevel [1ms]
2023-04-11 07:55:22.276 [info] fatal: not a git repository (or any parent up to mount point /)
Stopping at filesystem boundary (GIT_DISCOVERY_ACROSS_FILESYSTEM not set).
2023-04-11 07:55:22.283 [info] > git rev-parse --show-toplevel [1ms]
2023-04-11 07:55:22.283 [info] fatal: not a git repository (or any parent up to mount point /)
Stopping at filesystem boundary (GIT_DISCOVERY_ACROSS_FILESYSTEM not set).
2023-04-11 07:55:22.290 [info] > git rev-parse --show-toplevel [1ms]
2023-04-11 07:55:22.290 [info] fatal: not a git repository (or any parent up to mount point /)
Stopping at filesystem boundary (GIT_DISCOVERY_ACROSS_FILESYSTEM not set).
2023-04-11 07:55:22.297 [info] > git rev-parse --show-toplevel [1ms]
2023-04-11 07:55:22.297 [info] fatal: not a git repository (or any parent up to mount point /)
Stopping at filesystem boundary (GIT_DISCOVERY_ACROSS_FILESYSTEM not set).
2023-04-11 07:55:22.304 [info] > git rev-parse --show-toplevel [1ms]
2023-04-11 07:55:22.304 [info] fatal: not a git repository (or any parent up to mount point /)
Stopping at filesystem boundary (GIT_DISCOVERY_ACROSS_FILESYSTEM not set).
2023-04-11 07:55:22.317 [info] > git rev-parse --show-toplevel [7ms]
2023-04-11 07:55:22.317 [info] fatal: not a git repository (or any parent up to mount point /)
Stopping at filesystem boundary (GIT_DISCOVERY_ACROSS_FILESYSTEM not set).
2023-04-11 07:55:22.324 [info] > git rev-parse --show-toplevel [1ms]
2023-04-11 07:55:22.324 [info] fatal: not a git repository (or any parent up to mount point /)
Stopping at filesystem boundary (GIT_DISCOVERY_ACROSS_FILESYSTEM not set).
2023-04-11 07:55:22.331 [info] > git rev-parse --show-toplevel [1ms]
2023-04-11 07:55:22.331 [info] fatal: not a git repository (or any parent up to mount point /)
Stopping at filesystem boundary (GIT_DISCOVERY_ACROSS_FILESYSTEM not set).
2023-04-11 07:55:22.337 [info] > git rev-parse --show-toplevel [1ms]
2023-04-11 07:55:22.337 [info] fatal: not a git repository (or any parent up to mount point /)
Stopping at filesystem boundary (GIT_DISCOVERY_ACROSS_FILESYSTEM not set).
2023-04-11 07:55:22.343 [info] > git rev-parse --show-toplevel [0ms]
2023-04-11 07:55:22.343 [info] fatal: not a git repository (or any parent up to mount point /)
Stopping at filesystem boundary (GIT_DISCOVERY_ACROSS_FILESYSTEM not set).
2023-04-11 07:55:22.349 [info] > git rev-parse --show-toplevel [0ms]
2023-04-11 07:55:22.349 [info] fatal: not a git repository (or any parent up to mount point /)
Stopping at filesystem boundary (GIT_DISCOVERY_ACROSS_FILESYSTEM not set).
2023-04-11 07:55:22.356 [info] > git rev-parse --show-toplevel [0ms]
2023-04-11 07:55:22.356 [info] fatal: not a git repository (or any parent up to mount point /)
Stopping at filesystem boundary (GIT_DISCOVERY_ACROSS_FILESYSTEM not set).
2023-04-11 07:55:22.362 [info] > git rev-parse --show-toplevel [1ms]
2023-04-11 07:55:22.362 [info] fatal: not a git repository (or any parent up to mount point /)
Stopping at filesystem boundary (GIT_DISCOVERY_ACROSS_FILESYSTEM not set).
2023-04-11 07:55:22.368 [info] > git rev-parse --show-toplevel [1ms]
2023-04-11 07:55:22.368 [info] fatal: not a git repository (or any parent up to mount point /)
Stopping at filesystem boundary (GIT_DISCOVERY_ACROSS_FILESYSTEM not set).
2023-04-11 07:55:22.374 [info] > git rev-parse --show-toplevel [1ms]
2023-04-11 07:55:22.374 [info] fatal: not a git repository (or any parent up to mount point /)
Stopping at filesystem boundary (GIT_DISCOVERY_ACROSS_FILESYSTEM not set).
